2021-04-30 12:37:18:3718 [32minfo[39m: [32mServer is running on port 5000[39m
2021-04-30 12:38:13:3813 [32minfo[39m: [32mServer is running on port 5000[39m
2021-04-30 12:53:08:538 [32minfo[39m: [32mServer is running on port 5000[39m
2021-04-30 12:54:12:5412 [32minfo[39m: [32mDatabase connected![39m
2021-04-30 12:54:13:5413 [35mhttp[39m: [35mGET / 200 345 - 1696.481 ms[39m
[35m[39m
2021-04-30 12:55:12:5512 [31merror[39m: [31mMySQL error[39m
2021-04-30 12:55:40:5540 [32minfo[39m: [32mServer is running on port 5000[39m
2021-04-30 12:56:17:5617 [35mhttp[39m: [35mOPTIONS //add 404 147 - 8.996 ms[39m
[35m[39m
2021-04-30 12:57:46:5746 [32minfo[39m: [32mDatabase connected![39m
2021-04-30 12:57:50:5750 [35mhttp[39m: [35mGET / 304 - - 7409.163 ms[39m
[35m[39m
2021-04-30 12:58:08:588 [35mhttp[39m: [35mOPTIONS /add 200 4 - 1.471 ms[39m
[35m[39m
2021-04-30 12:58:10:5810 [35mhttp[39m: [35mPOST /add 201 10 - 2203.379 ms[39m
[35m[39m
2021-04-30 12:58:22:5822 [35mhttp[39m: [35mGET / 200 420 - 764.297 ms[39m
[35m[39m
2021-04-30 12:59:21:5921 [31merror[39m: [31mMySQL error[39m
2021-04-30 13:15:03:153 [32minfo[39m: [32mServer is running on port 5000[39m
2021-04-30 13:15:44:1544 [32minfo[39m: [32mDatabase connected![39m
2021-04-30 13:15:44:1544 [35mhttp[39m: [35mGET / 304 - - 5238.593 ms[39m
[35m[39m
2021-05-02 15:06:57:657 [32minfo[39m: [32mServer is running on port 5000[39m
2021-05-02 15:07:33:733 [31merror[39m: [31mHandshake inactivity timeout[39m
2021-05-02 15:07:33:733 [35mhttp[39m: [35mGET /todo 500 149 - 10040.966 ms[39m
[35m[39m
2021-05-02 15:07:51:751 [32minfo[39m: [32mDatabase connected![39m
2021-05-02 15:07:52:752 [35mhttp[39m: [35mGET /todo 200 345 - 1605.765 ms[39m
[35m[39m
2021-05-02 15:08:23:823 [32minfo[39m: [32mServer is running on port 5000[39m
2021-05-02 15:10:21:1021 [32minfo[39m: [32mDatabase connected![39m
2021-05-02 15:10:23:1023 [35mhttp[39m: [35mGET /todo 304 - - 14310.531 ms[39m
[35m[39m
2021-05-02 15:10:29:1029 [35mhttp[39m: [35mOPTIONS /todo/add 200 4 - 2.341 ms[39m
[35m[39m
2021-05-02 15:10:30:1030 [35mhttp[39m: [35mPOST /todo/add 201 10 - 993.525 ms[39m
[35m[39m
2021-05-02 15:10:55:1055 [35mhttp[39m: [35mOPTIONS /todo/add 200 4 - 1.239 ms[39m
[35m[39m
2021-05-02 15:10:56:1056 [35mhttp[39m: [35mPOST /todo/add 201 10 - 639.046 ms[39m
[35m[39m
2021-05-02 15:11:56:1156 [31merror[39m: [31mMySQL error[39m
2021-05-03 07:46:24:4624 [32minfo[39m: [32mServer is running on port 5000[39m
2021-05-03 07:47:45:4745 [32minfo[39m: [32mServer is running on port 5000[39m
2021-05-03 07:48:37:4837 [31merror[39m: [31mgetaddrinfo ENOTFOUND localhost:3306[39m
2021-05-03 07:48:37:4837 [35mhttp[39m: [35mGET /todo 500 184 - 25.239 ms[39m
[35m[39m
2021-05-03 07:49:00:490 [31merror[39m: [31mgetaddrinfo ENOTFOUND localhost:3306[39m
2021-05-03 07:49:00:490 [35mhttp[39m: [35mGET /todo 500 183 - 4.662 ms[39m
[35m[39m
2021-05-03 07:50:52:5052 [31merror[39m: [31mgetaddrinfo ENOTFOUND localhost:3306[39m
2021-05-03 07:50:52:5052 [35mhttp[39m: [35mGET /todo 500 184 - 4.152 ms[39m
[35m[39m
2021-05-03 07:51:10:5110 [32minfo[39m: [32mServer is running on port 5000[39m
2021-05-03 07:51:15:5115 [35mhttp[39m: [35mGET /todo 200 235 - 44.635 ms[39m
[35m[39m
2021-05-03 07:52:50:5250 [32minfo[39m: [32mServer is running on port 5000[39m
2021-05-03 08:08:47:847 [32minfo[39m: [32mServer is running on port 5000[39m
2021-05-03 08:09:30:930 [32minfo[39m: [32mServer is running on port 5000[39m
2021-05-03 09:18:00:180 [32minfo[39m: [32mServer is running on port 5000[39m
2021-05-03 13:31:34:3134 [32minfo[39m: [32mServer is running on port 5000[39m
2021-05-03 13:31:56:3156 [35mhttp[39m: [35mOPTIONS /user/register 200 4 - 5.253 ms[39m
[35m[39m
2021-05-03 13:32:19:3219 [32minfo[39m: [32mServer is running on port 5000[39m
2021-05-03 13:33:02:332 [32minfo[39m: [32mServer is running on port 5000[39m
2021-05-03 13:37:38:3738 [32minfo[39m: [32mServer is running on port 5000[39m
2021-05-03 13:39:00:390 [32minfo[39m: [32mServer is running on port 5000[39m
2021-05-03 13:39:08:398 [32minfo[39m: [32mServer is running on port 5000[39m
2021-05-03 13:39:28:3928 [35mhttp[39m: [35mOPTIONS /user/register 200 4 - 5.168 ms[39m
[35m[39m
2021-05-03 13:39:35:3935 [35mhttp[39m: [35mPOST /user/register - - - - ms[39m
[35m[39m
2021-05-03 13:39:49:3949 [35mhttp[39m: [35mOPTIONS /user/register 200 4 - 1.117 ms[39m
[35m[39m
2021-05-03 13:40:30:4030 [32minfo[39m: [32mServer is running on port 5000[39m
2021-05-03 13:40:35:4035 [35mhttp[39m: [35mPOST /user/register - - - - ms[39m
[35m[39m
2021-05-03 13:40:58:4058 [35mhttp[39m: [35mOPTIONS /user/register 200 4 - 3.603 ms[39m
[35m[39m
2021-05-03 13:42:24:4224 [32minfo[39m: [32mServer is running on port 5000[39m
2021-05-03 13:42:58:4258 [32minfo[39m: [32mServer is running on port 5000[39m
2021-05-03 13:43:18:4318 [35mhttp[39m: [35mOPTIONS /user/register 200 4 - 2.876 ms[39m
[35m[39m
2021-05-03 13:44:25:4425 [32minfo[39m: [32mServer is running on port 5000[39m
2021-05-03 13:44:25:4425 [31merror[39m: [31mER_PARSE_ERROR: You have an error in your SQL syntax; check the manual that corresponds to your MySQL server version for the right syntax to use near '' at line 1[39m
2021-05-03 13:44:25:4425 [35mhttp[39m: [35mPOST /user/register 500 359 - 47.721 ms[39m
[35m[39m
2021-05-03 13:45:29:4529 [32minfo[39m: [32mServer is running on port 5000[39m
2021-05-03 13:45:47:4547 [35mhttp[39m: [35mOPTIONS /user/register 200 4 - 2.923 ms[39m
[35m[39m
2021-05-03 13:48:18:4818 [32minfo[39m: [32mServer is running on port 5000[39m
2021-05-03 13:49:00:490 [32minfo[39m: [32mServer is running on port 5000[39m
2021-05-03 13:49:27:4927 [32minfo[39m: [32mServer is running on port 5000[39m
2021-05-03 13:49:39:4939 [32minfo[39m: [32mServer is running on port 5000[39m
2021-05-03 13:50:18:5018 [32minfo[39m: [32mServer is running on port 5000[39m
2021-05-03 13:50:55:5055 [32minfo[39m: [32mServer is running on port 5000[39m
2021-05-03 14:11:36:1136 [32minfo[39m: [32mServer is running on port 5000[39m
2021-05-03 14:12:09:129 [35mhttp[39m: [35mOPTIONS /user/register 200 4 - 3.223 ms[39m
[35m[39m
2021-05-03 14:12:35:1235 [32minfo[39m: [32mServer is running on port 5000[39m
2021-05-03 14:13:01:131 [35mhttp[39m: [35mOPTIONS /user/register 200 4 - 2.847 ms[39m
[35m[39m
2021-05-03 14:13:21:1321 [32minfo[39m: [32mServer is running on port 5000[39m
2021-05-03 14:13:49:1349 [35mhttp[39m: [35mOPTIONS /user/register 200 4 - 3.136 ms[39m
[35m[39m
2021-05-03 14:14:16:1416 [32minfo[39m: [32mServer is running on port 5000[39m
2021-05-03 14:14:23:1423 [35mhttp[39m: [35mPOST /user/register - - - - ms[39m
[35m[39m
2021-05-03 14:14:39:1439 [35mhttp[39m: [35mOPTIONS /user/register 200 4 - 3.457 ms[39m
[35m[39m
2021-05-03 14:24:37:2437 [35mhttp[39m: [35mPOST /user/register - - - - ms[39m
[35m[39m
2021-05-03 14:25:09:259 [35mhttp[39m: [35mOPTIONS /user/register 200 4 - 0.692 ms[39m
[35m[39m
2021-05-03 14:26:31:2631 [32minfo[39m: [32mServer is running on port 5000[39m
2021-05-03 14:26:46:2646 [35mhttp[39m: [35mOPTIONS /user/register 200 4 - 3.129 ms[39m
[35m[39m
2021-05-03 14:30:40:3040 [35mhttp[39m: [35mPOST /user/register - - - - ms[39m
[35m[39m
2021-05-03 14:30:40:3040 [35mhttp[39m: [35mPOST /user/register - - - - ms[39m
[35m[39m
2021-05-03 14:31:05:315 [35mhttp[39m: [35mOPTIONS /user/register 200 4 - 0.935 ms[39m
[35m[39m
2021-05-03 14:31:46:3146 [35mhttp[39m: [35mPOST /user/register - - - - ms[39m
[35m[39m
2021-05-03 15:28:43:2843 [32minfo[39m: [32mServer is running on port 5000[39m
2021-05-03 15:30:57:3057 [32minfo[39m: [32mServer is running on port 5000[39m
2021-05-03 15:34:01:341 [32minfo[39m: [32mServer is running on port 5000[39m
2021-05-03 15:34:07:347 [32minfo[39m: [32mServer is running on port 5000[39m
2021-05-03 15:34:13:3413 [32minfo[39m: [32mServer is running on port 5000[39m
2021-05-03 15:37:54:3754 [35mhttp[39m: [35mOPTIONS /user/register 200 4 - 6.306 ms[39m
[35m[39m
2021-05-03 15:52:25:5225 [35mhttp[39m: [35mPOST /user/register - - - - ms[39m
[35m[39m
2021-05-03 16:40:49:4049 [35mhttp[39m: [35mOPTIONS /user/register 200 4 - 1.130 ms[39m
[35m[39m
2021-05-03 16:42:40:4240 [35mhttp[39m: [35mOPTIONS /user/register 200 4 - 0.808 ms[39m
[35m[39m
2021-05-03 16:44:27:4427 [35mhttp[39m: [35mPOST /user/register - - - - ms[39m
[35m[39m
2021-05-03 16:44:27:4427 [35mhttp[39m: [35mPOST /user/register - - - - ms[39m
[35m[39m
2021-05-03 16:47:40:4740 [32minfo[39m: [32mServer is running on port 5000[39m
2021-05-03 16:57:51:5751 [32minfo[39m: [32mServer is running on port 5000[39m
2021-05-03 16:57:58:5758 [32minfo[39m: [32mServer is running on port 5000[39m
2021-05-03 16:58:03:583 [32minfo[39m: [32mServer is running on port 5000[39m
2021-05-03 16:58:11:5811 [32minfo[39m: [32mServer is running on port 5000[39m
2021-05-03 17:08:41:841 [32minfo[39m: [32mServer is running on port 5000[39m
2021-05-03 17:08:45:845 [32minfo[39m: [32mServer is running on port 5000[39m
2021-05-03 17:09:25:925 [35mhttp[39m: [35mOPTIONS /user/register 200 4 - 5.179 ms[39m
[35m[39m
2021-05-03 17:14:10:1410 [32minfo[39m: [32mServer is running on port 5000[39m
2021-05-03 17:14:11:1411 [35mhttp[39m: [35mPOST /user/register 404 - - 52.958 ms[39m
[35m[39m
2021-05-03 17:14:45:1445 [35mhttp[39m: [35mOPTIONS /user/register 200 4 - 4.387 ms[39m
[35m[39m
2021-05-03 17:14:45:1445 [35mhttp[39m: [35mPOST /user/register 401 2 - 49.828 ms[39m
[35m[39m
2021-05-03 17:16:32:1632 [32minfo[39m: [32mServer is running on port 5000[39m
2021-05-03 17:16:52:1652 [35mhttp[39m: [35mOPTIONS /user/register 200 4 - 4.769 ms[39m
[35m[39m
2021-05-03 17:16:52:1652 [35mhttp[39m: [35mPOST /user/register 201 2 - 94.219 ms[39m
[35m[39m
2021-05-03 17:21:56:2156 [32minfo[39m: [32mServer is running on port 5000[39m
2021-05-03 17:22:24:2224 [35mhttp[39m: [35mOPTIONS /user/register 200 4 - 4.642 ms[39m
[35m[39m
2021-05-03 17:22:24:2224 [35mhttp[39m: [35mPOST /user/register 201 2 - 116.210 ms[39m
[35m[39m
2021-05-03 17:25:29:2529 [32minfo[39m: [32mServer is running on port 5000[39m
2021-05-03 17:27:29:2729 [32minfo[39m: [32mServer is running on port 5000[39m
2021-05-03 17:28:03:283 [35mhttp[39m: [35mOPTIONS /user/register 200 4 - 4.840 ms[39m
[35m[39m
2021-05-03 17:28:03:283 [35mhttp[39m: [35mPOST /user/register 201 2 - 116.794 ms[39m
[35m[39m
2021-05-03 17:32:49:3249 [32minfo[39m: [32mServer is running on port 5000[39m
2021-05-03 17:33:00:330 [32minfo[39m: [32mServer is running on port 5000[39m
2021-05-03 17:33:22:3322 [35mhttp[39m: [35mOPTIONS /user/register 200 4 - 4.598 ms[39m
[35m[39m
2021-05-03 17:33:22:3322 [35mhttp[39m: [35mPOST /user/register 201 2 - 91.838 ms[39m
[35m[39m
2021-05-03 17:35:52:3552 [32minfo[39m: [32mServer is running on port 5000[39m
2021-05-03 17:36:23:3623 [35mhttp[39m: [35mOPTIONS /user/register 200 4 - 5.349 ms[39m
[35m[39m
2021-05-03 17:36:23:3623 [35mhttp[39m: [35mPOST /user/register 201 151 - 92.488 ms[39m
[35m[39m
